<?xml version="1.0" encoding="UTF-8"?>
<testsuite xmlns:xsi="http://www.w3.org/2001/XMLSchema-instance" xsi:noNamespaceSchemaLocation="https://maven.apache.org/surefire/maven-surefire-plugin/xsd/surefire-test-report.xsd" version="3.0.2" name="uk.gov.companieshouse.documentrender.config.ApplicationConfigTest" time="0.892" tests="3" errors="0" skipped="0" failures="0">
  <properties>
[...]
</properties>
  <testcase name="givenStartupOk_whenObjectMapper_thenObjectMapperReturned" classname="uk.gov.companieshouse.documentrender.config.ApplicationConfigTest" time="0.663">
    <system-err><![CDATA[Mockito is currently self-attaching to enable the inline-mock-maker. This will no longer work in future releases of the JDK. Please add Mockito as an agent to your build as described in Mockito's documentation: https://javadoc.io/doc/org.mockito/mockito-core/latest/org.mockito/org/mockito/Mockito.html#0.3
WARNING: A Java agent has been loaded dynamically (/Users/jbishop2/.m2/repository/net/bytebuddy/byte-buddy-agent/1.17.7/byte-buddy-agent-1.17.7.jar)
WARNING: If a serviceability tool is in use, please run with -XX:+EnableDynamicAgentLoading to hide this warning
WARNING: If a serviceability tool is not in use, please run with -Djdk.instrument.traceUsage for more information
WARNING: Dynamic loading of agents will be disallowed by default in a future release
]]></system-err>
  </testcase>
  <testcase name="givenStartupOk_whenGetLogger_thenLoggerReturned" classname="uk.gov.companieshouse.documentrender.config.ApplicationConfigTest" time="0.212">
    <system-out><![CDATA[08:49:09,232 |-INFO in ch.qos.logback.classic.LoggerContext[default] - This is logback-classic version 1.5.18
08:49:09,233 |-INFO in ch.qos.logback.classic.util.ContextInitializer@5730b513 - Here is a list of configurators discovered as a service, by rank: 
08:49:09,233 |-INFO in ch.qos.logback.classic.util.ContextInitializer@5730b513 -   org.springframework.boot.logging.logback.RootLogLevelConfigurator
08:49:09,233 |-INFO in ch.qos.logback.classic.util.ContextInitializer@5730b513 - They will be invoked in order until ExecutionStatus.DO_NOT_INVOKE_NEXT_IF_ANY is returned.
08:49:09,233 |-INFO in ch.qos.logback.classic.util.ContextInitializer@5730b513 - Constructed configurator of type class org.springframework.boot.logging.logback.RootLogLevelConfigurator
08:49:09,236 |-INFO in ch.qos.logback.classic.util.ContextInitializer@5730b513 - org.springframework.boot.logging.logback.RootLogLevelConfigurator.configure() call lasted 0 milliseconds. ExecutionStatus=INVOKE_NEXT_IF_ANY
08:49:09,236 |-INFO in ch.qos.logback.classic.util.ContextInitializer@5730b513 - Trying to configure with ch.qos.logback.classic.joran.SerializedModelConfigurator
08:49:09,236 |-INFO in ch.qos.logback.classic.util.ContextInitializer@5730b513 - Constructed configurator of type class ch.qos.logback.classic.joran.SerializedModelConfigurator
08:49:09,237 |-INFO in ch.qos.logback.classic.LoggerContext[default] - Could NOT find resource [logback-test.scmo]
08:49:09,238 |-INFO in ch.qos.logback.classic.LoggerContext[default] - Could NOT find resource [logback.scmo]
08:49:09,238 |-INFO in ch.qos.logback.classic.util.ContextInitializer@5730b513 - ch.qos.logback.classic.joran.SerializedModelConfigurator.configure() call lasted 2 milliseconds. ExecutionStatus=INVOKE_NEXT_IF_ANY
08:49:09,238 |-INFO in ch.qos.logback.classic.util.ContextInitializer@5730b513 - Trying to configure with ch.qos.logback.classic.util.DefaultJoranConfigurator
08:49:09,238 |-INFO in ch.qos.logback.classic.util.ContextInitializer@5730b513 - Constructed configurator of type class ch.qos.logback.classic.util.DefaultJoranConfigurator
08:49:09,238 |-INFO in ch.qos.logback.classic.LoggerContext[default] - Could NOT find resource [logback-test.xml]
08:49:09,239 |-INFO in ch.qos.logback.classic.LoggerContext[default] - Found resource [logback.xml] at [jar:file:/Users/jbishop2/.m2/repository/uk/gov/companieshouse/structured-logging/3.0.39/structured-logging-3.0.39.jar!/logback.xml]
08:49:09,243 |-INFO in ConfigurationWatchList(mainURL=jar:file:/Users/jbishop2/.m2/repository/uk/gov/companieshouse/structured-logging/3.0.39/structured-logging-3.0.39.jar!/logback.xml, fileWatchList={}, urlWatchList=[}) - URL [jar:file:/Users/jbishop2/.m2/repository/uk/gov/companieshouse/structured-logging/3.0.39/structured-logging-3.0.39.jar!/logback.xml] is not of type file
08:49:09,413 |-INFO in ch.qos.logback.core.model.processor.conditional.IfModelHandler - Condition [property("OTEL_LOG_ENABLED").equalsIgnoreCase("true")] evaluated to false on line 26
08:49:09,414 |-INFO in ch.qos.logback.core.model.processor.conditional.IfModelHandler - Condition [property("OTEL_LOG_ENABLED").equalsIgnoreCase("true")] evaluated to false on line 34
08:49:09,415 |-INFO in ch.qos.logback.core.model.processor.AppenderModelHandler - Processing appender named [ConsoleAppender]
08:49:09,415 |-INFO in ch.qos.logback.core.model.processor.AppenderModelHandler - About to instantiate appender of type [ch.qos.logback.core.ConsoleAppender]
08:49:09,419 |-INFO in ch.qos.logback.core.model.processor.ModelInterpretationContext@280099a0 - value "0" substituted for "${HUMAN_LOG:-0}"
08:49:09,426 |-INFO in ch.qos.logback.core.ConsoleAppender[ConsoleAppender] - BEWARE: Writing to the console can be very slow. Avoid logging to the 
08:49:09,426 |-INFO in ch.qos.logback.core.ConsoleAppender[ConsoleAppender] - console in production environments, especially in high volume systems.
08:49:09,426 |-INFO in ch.qos.logback.core.ConsoleAppender[ConsoleAppender] - See also https://logback.qos.ch/codes.html#slowConsole
08:49:09,426 |-WARN in ch.qos.logback.core.model.processor.AppenderModelHandler - Appender named [OpenTelemetry] not referenced. Skipping further processing.
08:49:09,426 |-INFO in ch.qos.logback.core.model.processor.ModelInterpretationContext@280099a0 - value "trace" substituted for "${LOGLEVEL:-trace}"
08:49:09,426 |-INFO in ch.qos.logback.classic.model.processor.LoggerModelHandler - Setting level of logger [uk.gov] to TRACE
08:49:09,427 |-INFO in ch.qos.logback.classic.model.processor.LoggerModelHandler - Setting additivity of logger [uk.gov] to false
08:49:09,427 |-INFO in ch.qos.logback.core.model.processor.AppenderRefModelHandler - Attaching appender named [ConsoleAppender] to Logger[uk.gov]
08:49:09,427 |-INFO in ch.qos.logback.core.model.processor.ModelInterpretationContext@280099a0 - value "info" substituted for "${LOGLEVEL_THIRDPARTY:-info}"
08:49:09,427 |-INFO in ch.qos.logback.classic.model.processor.RootLoggerModelHandler - Setting level of ROOT logger to INFO
08:49:09,427 |-INFO in ch.qos.logback.core.model.processor.AppenderRefModelHandler - Attaching appender named [ConsoleAppender] to Logger[ROOT]
08:49:09,427 |-INFO in ch.qos.logback.core.model.processor.DefaultProcessor@7aca299e - End of configuration.
08:49:09,427 |-INFO in ch.qos.logback.classic.joran.JoranConfigurator@1bf52f10 - Registering current configuration as safe fallback point
08:49:09,427 |-INFO in ch.qos.logback.classic.util.ContextInitializer@5730b513 - ch.qos.logback.classic.util.DefaultJoranConfigurator.configure() call lasted 189 milliseconds. ExecutionStatus=DO_NOT_INVOKE_NEXT_IF_ANY

]]></system-out>
    <system-err><![CDATA[SLF4J(W): Class path contains multiple SLF4J providers.
SLF4J(W): Found provider [ch.qos.logback.classic.spi.LogbackServiceProvider@1201e064]
SLF4J(W): Found provider [org.slf4j.simple.SimpleServiceProvider@a69f9d]
SLF4J(W): See https://www.slf4j.org/codes.html#multiple_bindings for an explanation.
SLF4J(I): Actual provider is of type [ch.qos.logback.classic.spi.LogbackServiceProvider@1201e064]
]]></system-err>
  </testcase>
  <testcase name="givenStartupOk_whenEnvironmentReader_thenEnvironmentReaderReturned" classname="uk.gov.companieshouse.documentrender.config.ApplicationConfigTest" time="0.005"/>
</testsuite>