<?xml version="1.0" encoding="UTF-8"?>
<testsuite xmlns:xsi="http://www.w3.org/2001/XMLSchema-instance" xsi:noNamespaceSchemaLocation="https://maven.apache.org/surefire/maven-surefire-plugin/xsd/surefire-test-report.xsd" version="3.0.2" name="uk.gov.companieshouse.documentrender.exception.GlobalExceptionHandlerTest" time="0.013" tests="4" errors="0" skipped="0" failures="0">
  <properties>
[...]
</properties>
  <testcase name="givenNonErrorRaised_whenErrorResponseCreated_thenReturnApiErrorResponseBuilder" classname="uk.gov.companieshouse.documentrender.exception.GlobalExceptionHandlerTest" time="0.008"/>
  <testcase name="givenErrorRaised_whenErrorResponseCreated_thenReturnApiErrorResponseBuilder" classname="uk.gov.companieshouse.documentrender.exception.GlobalExceptionHandlerTest" time="0.002"/>
  <testcase name="givenBadRequest_whenExceptionRaised_thenReturnApiErrorResponse" classname="uk.gov.companieshouse.documentrender.exception.GlobalExceptionHandlerTest" time="0.001"/>
  <testcase name="givenTemplateNotFound_whenExceptionRaised_thenReturnApiErrorResponse" classname="uk.gov.companieshouse.documentrender.exception.GlobalExceptionHandlerTest" time="0.001"/>
</testsuite>