<?xml version="1.0" encoding="UTF-8"?>
<testsuite xmlns:xsi="http://www.w3.org/2001/XMLSchema-instance" xsi:noNamespaceSchemaLocation="https://maven.apache.org/surefire/maven-surefire-plugin/xsd/surefire-test-report.xsd" version="3.0.2" name="uk.gov.companieshouse.documentrender.config.ApplicationConfigTest" time="0.899" tests="3" errors="0" skipped="0" failures="0">
  <properties>
[...]
</properties>
  <testcase name="givenStartupOk_whenObjectMapper_thenObjectMapperReturned" classname="uk.gov.companieshouse.documentrender.config.ApplicationConfigTest" time="0.681">
    <system-err><![CDATA[Mockito is currently self-attaching to enable the inline-mock-maker. This will no longer work in future releases of the JDK. Please add Mockito as an agent to your build as described in Mockito's documentation: https://javadoc.io/doc/org.mockito/mockito-core/latest/org.mockito/org/mockito/Mockito.html#0.3
WARNING: A Java agent has been loaded dynamically (/Users/jbishop2/.m2/repository/net/bytebuddy/byte-buddy-agent/1.17.7/byte-buddy-agent-1.17.7.jar)
WARNING: If a serviceability tool is in use, please run with -XX:+EnableDynamicAgentLoading to hide this warning
WARNING: If a serviceability tool is not in use, please run with -Djdk.instrument.traceUsage for more information
WARNING: Dynamic loading of agents will be disallowed by default in a future release
]]></system-err>
  </testcase>
  <testcase name="givenStartupOk_whenGetLogger_thenLoggerReturned" classname="uk.gov.companieshouse.documentrender.config.ApplicationConfigTest" time="0.199">
    <system-out><![CDATA[09:10:57,355 |-INFO in ch.qos.logback.classic.LoggerContext[default] - This is logback-classic version 1.5.18
09:10:57,356 |-INFO in ch.qos.logback.classic.util.ContextInitializer@3346e906 - Here is a list of configurators discovered as a service, by rank: 
09:10:57,356 |-INFO in ch.qos.logback.classic.util.ContextInitializer@3346e906 -   org.springframework.boot.logging.logback.RootLogLevelConfigurator
09:10:57,356 |-INFO in ch.qos.logback.classic.util.ContextInitializer@3346e906 - They will be invoked in order until ExecutionStatus.DO_NOT_INVOKE_NEXT_IF_ANY is returned.
09:10:57,356 |-INFO in ch.qos.logback.classic.util.ContextInitializer@3346e906 - Constructed configurator of type class org.springframework.boot.logging.logback.RootLogLevelConfigurator
09:10:57,358 |-INFO in ch.qos.logback.classic.util.ContextInitializer@3346e906 - org.springframework.boot.logging.logback.RootLogLevelConfigurator.configure() call lasted 0 milliseconds. ExecutionStatus=INVOKE_NEXT_IF_ANY
09:10:57,358 |-INFO in ch.qos.logback.classic.util.ContextInitializer@3346e906 - Trying to configure with ch.qos.logback.classic.joran.SerializedModelConfigurator
09:10:57,359 |-INFO in ch.qos.logback.classic.util.ContextInitializer@3346e906 - Constructed configurator of type class ch.qos.logback.classic.joran.SerializedModelConfigurator
09:10:57,359 |-INFO in ch.qos.logback.classic.LoggerContext[default] - Could NOT find resource [logback-test.scmo]
09:10:57,359 |-INFO in ch.qos.logback.classic.LoggerContext[default] - Could NOT find resource [logback.scmo]
09:10:57,359 |-INFO in ch.qos.logback.classic.util.ContextInitializer@3346e906 - ch.qos.logback.classic.joran.SerializedModelConfigurator.configure() call lasted 0 milliseconds. ExecutionStatus=INVOKE_NEXT_IF_ANY
09:10:57,359 |-INFO in ch.qos.logback.classic.util.ContextInitializer@3346e906 - Trying to configure with ch.qos.logback.classic.util.DefaultJoranConfigurator
09:10:57,360 |-INFO in ch.qos.logback.classic.util.ContextInitializer@3346e906 - Constructed configurator of type class ch.qos.logback.classic.util.DefaultJoranConfigurator
09:10:57,360 |-INFO in ch.qos.logback.classic.LoggerContext[default] - Could NOT find resource [logback-test.xml]
09:10:57,360 |-INFO in ch.qos.logback.classic.LoggerContext[default] - Found resource [logback.xml] at [jar:file:/Users/jbishop2/.m2/repository/uk/gov/companieshouse/structured-logging/3.0.39/structured-logging-3.0.39.jar!/logback.xml]
09:10:57,364 |-INFO in ConfigurationWatchList(mainURL=jar:file:/Users/jbishop2/.m2/repository/uk/gov/companieshouse/structured-logging/3.0.39/structured-logging-3.0.39.jar!/logback.xml, fileWatchList={}, urlWatchList=[}) - URL [jar:file:/Users/jbishop2/.m2/repository/uk/gov/companieshouse/structured-logging/3.0.39/structured-logging-3.0.39.jar!/logback.xml] is not of type file
09:10:57,521 |-INFO in ch.qos.logback.core.model.processor.conditional.IfModelHandler - Condition [property("OTEL_LOG_ENABLED").equalsIgnoreCase("true")] evaluated to false on line 26
09:10:57,522 |-INFO in ch.qos.logback.core.model.processor.conditional.IfModelHandler - Condition [property("OTEL_LOG_ENABLED").equalsIgnoreCase("true")] evaluated to false on line 34
09:10:57,523 |-INFO in ch.qos.logback.core.model.processor.AppenderModelHandler - Processing appender named [ConsoleAppender]
09:10:57,523 |-INFO in ch.qos.logback.core.model.processor.AppenderModelHandler - About to instantiate appender of type [ch.qos.logback.core.ConsoleAppender]
09:10:57,528 |-INFO in ch.qos.logback.core.model.processor.ModelInterpretationContext@753e4eb5 - value "0" substituted for "${HUMAN_LOG:-0}"
09:10:57,534 |-INFO in ch.qos.logback.core.ConsoleAppender[ConsoleAppender] - BEWARE: Writing to the console can be very slow. Avoid logging to the 
09:10:57,534 |-INFO in ch.qos.logback.core.ConsoleAppender[ConsoleAppender] - console in production environments, especially in high volume systems.
09:10:57,534 |-INFO in ch.qos.logback.core.ConsoleAppender[ConsoleAppender] - See also https://logback.qos.ch/codes.html#slowConsole
09:10:57,534 |-WARN in ch.qos.logback.core.model.processor.AppenderModelHandler - Appender named [OpenTelemetry] not referenced. Skipping further processing.
09:10:57,535 |-INFO in ch.qos.logback.core.model.processor.ModelInterpretationContext@753e4eb5 - value "trace" substituted for "${LOGLEVEL:-trace}"
09:10:57,535 |-INFO in ch.qos.logback.classic.model.processor.LoggerModelHandler - Setting level of logger [uk.gov] to TRACE
09:10:57,535 |-INFO in ch.qos.logback.classic.model.processor.LoggerModelHandler - Setting additivity of logger [uk.gov] to false
09:10:57,535 |-INFO in ch.qos.logback.core.model.processor.AppenderRefModelHandler - Attaching appender named [ConsoleAppender] to Logger[uk.gov]
09:10:57,536 |-INFO in ch.qos.logback.core.model.processor.ModelInterpretationContext@753e4eb5 - value "info" substituted for "${LOGLEVEL_THIRDPARTY:-info}"
09:10:57,536 |-INFO in ch.qos.logback.classic.model.processor.RootLoggerModelHandler - Setting level of ROOT logger to INFO
09:10:57,536 |-INFO in ch.qos.logback.core.model.processor.AppenderRefModelHandler - Attaching appender named [ConsoleAppender] to Logger[ROOT]
09:10:57,536 |-INFO in ch.qos.logback.core.model.processor.DefaultProcessor@713497cd - End of configuration.
09:10:57,536 |-INFO in ch.qos.logback.classic.joran.JoranConfigurator@63318b56 - Registering current configuration as safe fallback point
09:10:57,536 |-INFO in ch.qos.logback.classic.util.ContextInitializer@3346e906 - ch.qos.logback.classic.util.DefaultJoranConfigurator.configure() call lasted 176 milliseconds. ExecutionStatus=DO_NOT_INVOKE_NEXT_IF_ANY

]]></system-out>
    <system-err><![CDATA[SLF4J(W): Class path contains multiple SLF4J providers.
SLF4J(W): Found provider [ch.qos.logback.classic.spi.LogbackServiceProvider@5f0d8937]
SLF4J(W): Found provider [org.slf4j.simple.SimpleServiceProvider@105dc04d]
SLF4J(W): See https://www.slf4j.org/codes.html#multiple_bindings for an explanation.
SLF4J(I): Actual provider is of type [ch.qos.logback.classic.spi.LogbackServiceProvider@5f0d8937]
]]></system-err>
  </testcase>
  <testcase name="givenStartupOk_whenEnvironmentReader_thenEnvironmentReaderReturned" classname="uk.gov.companieshouse.documentrender.config.ApplicationConfigTest" time="0.006"/>
</testsuite>